Time resolution is 1 ps
WARNING: file x_in.dat could not be opened
ERROR: File descriptor (0) passed to $fseek in file C:/Users/Marco Milanesi/OneDrive/Documenti/Laboratori Merced/Symmetric_FIR_filter/hdl_prj/hdlsrc/sfir_fixed/symmetric_fir.v at line 267 is not valid.
WARNING: file y_out_expected.dat could not be opened
ERROR: File descriptor (0) passed to $fseek in file C:/Users/Marco Milanesi/OneDrive/Documenti/Laboratori Merced/Symmetric_FIR_filter/hdl_prj/hdlsrc/sfir_fixed/symmetric_fir.v at line 267 is not valid.
WARNING: file delayed_xout_expected.dat could not be opened
ERROR: File descriptor (0) passed to $fseek in file C:/Users/Marco Milanesi/OneDrive/Documenti/Laboratori Merced/Symmetric_FIR_filter/hdl_prj/hdlsrc/sfir_fixed/symmetric_fir.v at line 267 is not valid.
ERROR: File descriptor (0) passed to $fscanf is not valid. Please compile the design with -debug for source location information.
ERROR: File descriptor (0) passed to $fscanf in file C:/Users/Marco Milanesi/OneDrive/Documenti/Laboratori Merced/Symmetric_FIR_filter/hdl_prj/hdlsrc/sfir_fixed/symmetric_fir.v at line 267 is not valid.
ERROR: File descriptor (0) passed to $fscanf in file C:/Users/Marco Milanesi/OneDrive/Documenti/Laboratori Merced/Symmetric_FIR_filter/hdl_prj/hdlsrc/sfir_fixed/symmetric_fir.v at line 267 is not valid.
ERROR in y_out at time                40000 : Expected 'xxxxxxxxx' Actual '000000000'
ERROR in delayed_xout at time                40000 : Expected 'xxxx' Actual '0000'
ERROR: File descriptor (0) passed to $fscanf is not valid. Please compile the design with -debug for source location information.
ERROR: File descriptor (0) passed to $fscanf is not valid. Please compile the design with -debug for source location information.
ERROR: File descriptor (0) passed to $fscanf is not valid. Please compile the design with -debug for source location information.
ERROR in delayed_xout at time                50000 : Expected 'xxxx' Actual '0000'
ERROR: File descriptor (0) passed to $fscanf is not valid. Please compile the design with -debug for source location information.
ERROR: File descriptor (0) passed to $fscanf is not valid. Please compile the design with -debug for source location information.
ERROR: File descriptor (0) passed to $fscanf is not valid. Please compile the design with -debug for source location information.
ERROR in delayed_xout at time                60000 : Expected 'xxxx' Actual '0000'
ERROR: File descriptor (0) passed to $fscanf is not valid. Please compile the design with -debug for source location information.
ERROR: File descriptor (0) passed to $fscanf is not valid. Please compile the design with -debug for source location information.
ERROR: File descriptor (0) passed to $fscanf is not valid. Please compile the design with -debug for source location information.
ERROR in delayed_xout at time                70000 : Expected 'xxxx' Actual '0000'
ERROR: File descriptor (0) passed to $fscanf is not valid. Please compile the design with -debug for source location information.
ERROR: File descriptor (0) passed to $fscanf is not valid. Please compile the design with -debug for source location information.
ERROR: File descriptor (0) passed to $fscanf is not valid. Please compile the design with -debug for source location information.
ERROR in delayed_xout at time                80000 : Expected 'xxxx' Actual '0000'
ERROR: File descriptor (0) passed to $fscanf is not valid. Please compile the design with -debug for source location information.
ERROR: File descriptor (0) passed to $fscanf is not valid. Please compile the design with -debug for source location information.
ERROR: File descriptor (0) passed to $fscanf is not valid. Please compile the design with -debug for source location information.
ERROR in delayed_xout at time                90000 : Expected 'xxxx' Actual '0000'
ERROR: File descriptor (0) passed to $fscanf is not valid. Please compile the design with -debug for source location information.
ERROR: File descriptor (0) passed to $fscanf is not valid. Please compile the design with -debug for source location information.
ERROR: File descriptor (0) passed to $fscanf is not valid. Please compile the design with -debug for source location information.
ERROR in delayed_xout at time               100000 : Expected 'xxxx' Actual '0000'
ERROR: File descriptor (0) passed to $fscanf is not valid. Please compile the design with -debug for source location information.
ERROR: File descriptor (0) passed to $fscanf is not valid. Please compile the design with -debug for source location information.
ERROR: File descriptor (0) passed to $fscanf is not valid. Please compile the design with -debug for source location information.
ERROR in delayed_xout at time               110000 : Expected 'xxxx' Actual '0000'
ERROR: File descriptor (0) passed to $fscanf is not valid. Please compile the design with -debug for source location information.
ERROR: File descriptor (0) passed to $fscanf is not valid. Please compile the design with -debug for source location information.
ERROR: File descriptor (0) passed to $fscanf is not valid. Please compile the design with -debug for source location information.
ERROR: File descriptor (0) passed to $fscanf is not valid. Please compile the design with -debug for source location information.
ERROR: File descriptor (0) passed to $fscanf is not valid. Please compile the design with -debug for source location information.
ERROR: File descriptor (0) passed to $fscanf is not valid. Please compile the design with -debug for source location information.
ERROR: File descriptor (0) passed to $fscanf is not valid. Please compile the design with -debug for source location information.
ERROR: File descriptor (0) passed to $fscanf is not valid. Please compile the design with -debug for source location information.
ERROR: File descriptor (0) passed to $fscanf is not valid. Please compile the design with -debug for source location information.
ERROR: File descriptor (0) passed to $fscanf is not valid. Please compile the design with -debug for source location information.
ERROR: File descriptor (0) passed to $fscanf is not valid. Please compile the design with -debug for source location information.
ERROR: File descriptor (0) passed to $fscanf is not valid. Please compile the design with -debug for source location information.
ERROR: File descriptor (0) passed to $fscanf is not valid. Please compile the design with -debug for source location information.
ERROR: File descriptor (0) passed to $fscanf is not valid. Please compile the design with -debug for source location information.
ERROR: File descriptor (0) passed to $fscanf is not valid. Please compile the design with -debug for source location information.
ERROR: File descriptor (0) passed to $fscanf is not valid. Please compile the design with -debug for source location information.
ERROR: File descriptor (0) passed to $fscanf is not valid. Please compile the design with -debug for source location information.
ERROR: File descriptor (0) passed to $fscanf is not valid. Please compile the design with -debug for source location information.
ERROR: File descriptor (0) passed to $fscanf is not valid. Please compile the design with -debug for source location information.
ERROR: File descriptor (0) passed to $fscanf is not valid. Please compile the design with -debug for source location information.
ERROR: File descriptor (0) passed to $fscanf is not valid. Please compile the design with -debug for source location information.
ERROR: File descriptor (0) passed to $fscanf is not valid. Please compile the design with -debug for source location information.
ERROR: File descriptor (0) passed to $fscanf is not valid. Please compile the design with -debug for source location information.
ERROR: File descriptor (0) passed to $fscanf is not valid. Please compile the design with -debug for source location information.
ERROR: File descriptor (0) passed to $fscanf is not valid. Please compile the design with -debug for source location information.
ERROR: File descriptor (0) passed to $fscanf is not valid. Please compile the design with -debug for source location information.
ERROR: File descriptor (0) passed to $fscanf is not valid. Please compile the design with -debug for source location information.
ERROR: File descriptor (0) passed to $fscanf is not valid. Please compile the design with -debug for source location information.
ERROR: File descriptor (0) passed to $fscanf is not valid. Please compile the design with -debug for source location information.
ERROR: File descriptor (0) passed to $fscanf is not valid. Please compile the design with -debug for source location information.
ERROR: File descriptor (0) passed to $fscanf is not valid. Please compile the design with -debug for source location information.
ERROR: File descriptor (0) passed to $fscanf is not valid. Please compile the design with -debug for source location information.
ERROR: File descriptor (0) passed to $fscanf is not valid. Please compile the design with -debug for source location information.
ERROR: File descriptor (0) passed to $fscanf is not valid. Please compile the design with -debug for source location information.
ERROR: File descriptor (0) passed to $fscanf is not valid. Please compile the design with -debug for source location information.
ERROR: File descriptor (0) passed to $fscanf is not valid. Please compile the design with -debug for source location information.
ERROR: File descriptor (0) passed to $fscanf is not valid. Please compile the design with -debug for source location information.
ERROR: File descriptor (0) passed to $fscanf is not valid. Please compile the design with -debug for source location information.
ERROR: File descriptor (0) passed to $fscanf is not valid. Please compile the design with -debug for source location information.
ERROR: File descriptor (0) passed to $fscanf is not valid. Please compile the design with -debug for source location information.
ERROR: File descriptor (0) passed to $fscanf is not valid. Please compile the design with -debug for source location information.
ERROR: File descriptor (0) passed to $fscanf is not valid. Please compile the design with -debug for source location information.
ERROR: File descriptor (0) passed to $fscanf is not valid. Please compile the design with -debug for source location information.
ERROR: File descriptor (0) passed to $fscanf is not valid. Please compile the design with -debug for source location information.
ERROR: File descriptor (0) passed to $fscanf is not valid. Please compile the design with -debug for source location information.
ERROR: File descriptor (0) passed to $fscanf is not valid. Please compile the design with -debug for source location information.
ERROR: File descriptor (0) passed to $fscanf is not valid. Please compile the design with -debug for source location information.
ERROR: File descriptor (0) passed to $fscanf is not valid. Please compile the design with -debug for source location information.
ERROR: File descriptor (0) passed to $fscanf is not valid. Please compile the design with -debug for source location information.
ERROR: File descriptor (0) passed to $fscanf is not valid. Please compile the design with -debug for source location information.
ERROR: File descriptor (0) passed to $fscanf is not valid. Please compile the design with -debug for source location information.
ERROR: File descriptor (0) passed to $fscanf is not valid. Please compile the design with -debug for source location information.
ERROR: File descriptor (0) passed to $fscanf is not valid. Please compile the design with -debug for source location information.
ERROR: File descriptor (0) passed to $fscanf is not valid. Please compile the design with -debug for source location information.
ERROR: File descriptor (0) passed to $fscanf is not valid. Please compile the design with -debug for source location information.
ERROR: File descriptor (0) passed to $fscanf is not valid. Please compile the design with -debug for source location information.
ERROR: File descriptor (0) passed to $fscanf is not valid. Please compile the design with -debug for source location information.
ERROR: File descriptor (0) passed to $fscanf is not valid. Please compile the design with -debug for source location information.
ERROR: File descriptor (0) passed to $fscanf is not valid. Please compile the design with -debug for source location information.
ERROR: File descriptor (0) passed to $fscanf is not valid. Please compile the design with -debug for source location information.
ERROR: File descriptor (0) passed to $fscanf is not valid. Please compile the design with -debug for source location information.
ERROR: File descriptor (0) passed to $fscanf is not valid. Please compile the design with -debug for source location information.
ERROR: File descriptor (0) passed to $fscanf is not valid. Please compile the design with -debug for source location information.
ERROR: File descriptor (0) passed to $fscanf is not valid. Please compile the design with -debug for source location information.
ERROR: File descriptor (0) passed to $fscanf is not valid. Please compile the design with -debug for source location information.
ERROR: File descriptor (0) passed to $fscanf is not valid. Please compile the design with -debug for source location information.
ERROR: File descriptor (0) passed to $fscanf is not valid. Please compile the design with -debug for source location information.
ERROR: File descriptor (0) passed to $fscanf is not valid. Please compile the design with -debug for source location information.
ERROR: File descriptor (0) passed to $fscanf is not valid. Please compile the design with -debug for source location information.
ERROR: File descriptor (0) passed to $fscanf is not valid. Please compile the design with -debug for source location information.
ERROR: File descriptor (0) passed to $fscanf is not valid. Please compile the design with -debug for source location information.
ERROR: File descriptor (0) passed to $fscanf is not valid. Please compile the design with -debug for source location information.
ERROR: File descriptor (0) passed to $fscanf is not valid. Please compile the design with -debug for source location information.
ERROR: File descriptor (0) passed to $fscanf is not valid. Please compile the design with -debug for source location information.
ERROR: File descriptor (0) passed to $fscanf is not valid. Please compile the design with -debug for source location information.
ERROR: File descriptor (0) passed to $fscanf is not valid. Please compile the design with -debug for source location information.
ERROR: File descriptor (0) passed to $fscanf is not valid. Please compile the design with -debug for source location information.
ERROR: File descriptor (0) passed to $fscanf is not valid. Please compile the design with -debug for source location information.
ERROR: File descriptor (0) passed to $fscanf is not valid. Please compile the design with -debug for source location information.
ERROR: File descriptor (0) passed to $fscanf is not valid. Please compile the design with -debug for source location information.
ERROR: File descriptor (0) passed to $fscanf is not valid. Please compile the design with -debug for source location information.
ERROR: File descriptor (0) passed to $fscanf is not valid. Please compile the design with -debug for source location information.
ERROR: File descriptor (0) passed to $fscanf is not valid. Please compile the design with -debug for source location information.
ERROR: File descriptor (0) passed to $fscanf is not valid. Please compile the design with -debug for source location information.
ERROR: File descriptor (0) passed to $fscanf is not valid. Please compile the design with -debug for source location information.
ERROR: File descriptor (0) passed to $fscanf is not valid. Please compile the design with -debug for source location information.
ERROR: File descriptor (0) passed to $fscanf is not valid. Please compile the design with -debug for source location information.
ERROR: File descriptor (0) passed to $fscanf is not valid. Please compile the design with -debug for source location information.
ERROR: File descriptor (0) passed to $fscanf is not valid. Please compile the design with -debug for source location information.
ERROR: File descriptor (0) passed to $fscanf is not valid. Please compile the design with -debug for source location information.
ERROR: File descriptor (0) passed to $fscanf is not valid. Please compile the design with -debug for source location information.
ERROR: File descriptor (0) passed to $fscanf is not valid. Please compile the design with -debug for source location information.
ERROR: File descriptor (0) passed to $fscanf is not valid. Please compile the design with -debug for source location information.
ERROR: File descriptor (0) passed to $fscanf is not valid. Please compile the design with -debug for source location information.
ERROR: File descriptor (0) passed to $fscanf is not valid. Please compile the design with -debug for source location information.
ERROR: File descriptor (0) passed to $fscanf is not valid. Please compile the design with -debug for source location information.
ERROR: File descriptor (0) passed to $fscanf is not valid. Please compile the design with -debug for source location information.
ERROR: File descriptor (0) passed to $fscanf is not valid. Please compile the design with -debug for source location information.
ERROR: File descriptor (0) passed to $fscanf is not valid. Please compile the design with -debug for source location information.
ERROR: File descriptor (0) passed to $fscanf is not valid. Please compile the design with -debug for source location information.
ERROR: File descriptor (0) passed to $fscanf is not valid. Please compile the design with -debug for source location information.
ERROR: File descriptor (0) passed to $fscanf is not valid. Please compile the design with -debug for source location information.
ERROR: File descriptor (0) passed to $fscanf is not valid. Please compile the design with -debug for source location information.
ERROR: File descriptor (0) passed to $fscanf is not valid. Please compile the design with -debug for source location information.
ERROR: File descriptor (0) passed to $fscanf is not valid. Please compile the design with -debug for source location information.
ERROR: File descriptor (0) passed to $fscanf is not valid. Please compile the design with -debug for source location information.
ERROR: File descriptor (0) passed to $fscanf is not valid. Please compile the design with -debug for source location information.
ERROR: File descriptor (0) passed to $fscanf is not valid. Please compile the design with -debug for source location information.
ERROR: File descriptor (0) passed to $fscanf is not valid. Please compile the design with -debug for source location information.
ERROR: File descriptor (0) passed to $fscanf is not valid. Please compile the design with -debug for source location information.
ERROR: File descriptor (0) passed to $fscanf is not valid. Please compile the design with -debug for source location information.
ERROR: File descriptor (0) passed to $fscanf is not valid. Please compile the design with -debug for source location information.
ERROR: File descriptor (0) passed to $fscanf is not valid. Please compile the design with -debug for source location information.
ERROR: File descriptor (0) passed to $fscanf is not valid. Please compile the design with -debug for source location information.
ERROR: File descriptor (0) passed to $fscanf is not valid. Please compile the design with -debug for source location information.
ERROR: File descriptor (0) passed to $fscanf is not valid. Please compile the design with -debug for source location information.
ERROR: File descriptor (0) passed to $fscanf is not valid. Please compile the design with -debug for source location information.
ERROR: File descriptor (0) passed to $fscanf is not valid. Please compile the design with -debug for source location information.
ERROR: File descriptor (0) passed to $fscanf is not valid. Please compile the design with -debug for source location information.
ERROR: File descriptor (0) passed to $fscanf is not valid. Please compile the design with -debug for source location information.
ERROR: File descriptor (0) passed to $fscanf is not valid. Please compile the design with -debug for source location information.
ERROR: File descriptor (0) passed to $fscanf is not valid. Please compile the design with -debug for source location information.
ERROR: File descriptor (0) passed to $fscanf is not valid. Please compile the design with -debug for source location information.
ERROR: File descriptor (0) passed to $fscanf is not valid. Please compile the design with -debug for source location information.
ERROR: File descriptor (0) passed to $fscanf is not valid. Please compile the design with -debug for source location information.
ERROR: File descriptor (0) passed to $fscanf is not valid. Please compile the design with -debug for source location information.
ERROR: File descriptor (0) passed to $fscanf is not valid. Please compile the design with -debug for source location information.
ERROR: File descriptor (0) passed to $fscanf is not valid. Please compile the design with -debug for source location information.
ERROR: File descriptor (0) passed to $fscanf is not valid. Please compile the design with -debug for source location information.
ERROR: File descriptor (0) passed to $fscanf is not valid. Please compile the design with -debug for source location information.
ERROR: File descriptor (0) passed to $fscanf is not valid. Please compile the design with -debug for source location information.
ERROR: File descriptor (0) passed to $fscanf is not valid. Please compile the design with -debug for source location information.
ERROR: File descriptor (0) passed to $fscanf is not valid. Please compile the design with -debug for source location information.
ERROR: File descriptor (0) passed to $fscanf is not valid. Please compile the design with -debug for source location information.
ERROR: File descriptor (0) passed to $fscanf is not valid. Please compile the design with -debug for source location information.
ERROR: File descriptor (0) passed to $fscanf is not valid. Please compile the design with -debug for source location information.
ERROR: File descriptor (0) passed to $fscanf is not valid. Please compile the design with -debug for source location information.
ERROR: File descriptor (0) passed to $fscanf is not valid. Please compile the design with -debug for source location information.
ERROR: File descriptor (0) passed to $fscanf is not valid. Please compile the design with -debug for source location information.
ERROR: File descriptor (0) passed to $fscanf is not valid. Please compile the design with -debug for source location information.
ERROR: File descriptor (0) passed to $fscanf is not valid. Please compile the design with -debug for source location information.
ERROR: File descriptor (0) passed to $fscanf is not valid. Please compile the design with -debug for source location information.
ERROR: File descriptor (0) passed to $fscanf is not valid. Please compile the design with -debug for source location information.
ERROR: File descriptor (0) passed to $fscanf is not valid. Please compile the design with -debug for source location information.
ERROR: File descriptor (0) passed to $fscanf is not valid. Please compile the design with -debug for source location information.
ERROR: File descriptor (0) passed to $fscanf is not valid. Please compile the design with -debug for source location information.
ERROR: File descriptor (0) passed to $fscanf is not valid. Please compile the design with -debug for source location information.
ERROR: File descriptor (0) passed to $fscanf is not valid. Please compile the design with -debug for source location information.
ERROR: File descriptor (0) passed to $fscanf is not valid. Please compile the design with -debug for source location information.
ERROR: File descriptor (0) passed to $fscanf is not valid. Please compile the design with -debug for source location information.
ERROR: File descriptor (0) passed to $fscanf is not valid. Please compile the design with -debug for source location information.
ERROR: File descriptor (0) passed to $fscanf is not valid. Please compile the design with -debug for source location information.
ERROR: File descriptor (0) passed to $fscanf is not valid. Please compile the design with -debug for source location information.
ERROR: File descriptor (0) passed to $fscanf is not valid. Please compile the design with -debug for source location information.
ERROR: File descriptor (0) passed to $fscanf is not valid. Please compile the design with -debug for source location information.
ERROR: File descriptor (0) passed to $fscanf is not valid. Please compile the design with -debug for source location information.
ERROR: File descriptor (0) passed to $fscanf is not valid. Please compile the design with -debug for source location information.
ERROR: File descriptor (0) passed to $fscanf is not valid. Please compile the design with -debug for source location information.
ERROR: File descriptor (0) passed to $fscanf is not valid. Please compile the design with -debug for source location information.
ERROR: File descriptor (0) passed to $fscanf is not valid. Please compile the design with -debug for source location information.
ERROR: File descriptor (0) passed to $fscanf is not valid. Please compile the design with -debug for source location information.
ERROR: File descriptor (0) passed to $fscanf is not valid. Please compile the design with -debug for source location information.
ERROR: File descriptor (0) passed to $fscanf is not valid. Please compile the design with -debug for source location information.
ERROR: File descriptor (0) passed to $fscanf is not valid. Please compile the design with -debug for source location information.
ERROR: File descriptor (0) passed to $fscanf is not valid. Please compile the design with -debug for source location information.
ERROR: File descriptor (0) passed to $fscanf is not valid. Please compile the design with -debug for source location information.
ERROR: File descriptor (0) passed to $fscanf is not valid. Please compile the design with -debug for source location information.
ERROR: File descriptor (0) passed to $fscanf is not valid. Please compile the design with -debug for source location information.
ERROR: File descriptor (0) passed to $fscanf is not valid. Please compile the design with -debug for source location information.
ERROR: File descriptor (0) passed to $fscanf is not valid. Please compile the design with -debug for source location information.
ERROR: File descriptor (0) passed to $fscanf is not valid. Please compile the design with -debug for source location information.
ERROR: File descriptor (0) passed to $fscanf is not valid. Please compile the design with -debug for source location information.
ERROR: File descriptor (0) passed to $fscanf is not valid. Please compile the design with -debug for source location information.
ERROR: File descriptor (0) passed to $fscanf is not valid. Please compile the design with -debug for source location information.
ERROR: File descriptor (0) passed to $fscanf is not valid. Please compile the design with -debug for source location information.
ERROR: File descriptor (0) passed to $fscanf is not valid. Please compile the design with -debug for source location information.
ERROR: File descriptor (0) passed to $fscanf is not valid. Please compile the design with -debug for source location information.
ERROR: File descriptor (0) passed to $fscanf is not valid. Please compile the design with -debug for source location information.
ERROR: File descriptor (0) passed to $fscanf is not valid. Please compile the design with -debug for source location information.
ERROR: File descriptor (0) passed to $fscanf is not valid. Please compile the design with -debug for source location information.
ERROR: File descriptor (0) passed to $fscanf is not valid. Please compile the design with -debug for source location information.
ERROR: File descriptor (0) passed to $fscanf is not valid. Please compile the design with -debug for source location information.
ERROR: File descriptor (0) passed to $fscanf is not valid. Please compile the design with -debug for source location information.
ERROR: File descriptor (0) passed to $fscanf is not valid. Please compile the design with -debug for source location information.
ERROR: File descriptor (0) passed to $fscanf is not valid. Please compile the design with -debug for source location information.
ERROR: File descriptor (0) passed to $fscanf is not valid. Please compile the design with -debug for source location information.
ERROR: File descriptor (0) passed to $fscanf is not valid. Please compile the design with -debug for source location information.
ERROR: File descriptor (0) passed to $fscanf is not valid. Please compile the design with -debug for source location information.
ERROR: File descriptor (0) passed to $fscanf is not valid. Please compile the design with -debug for source location information.
ERROR: File descriptor (0) passed to $fscanf is not valid. Please compile the design with -debug for source location information.
ERROR: File descriptor (0) passed to $fscanf is not valid. Please compile the design with -debug for source location information.
ERROR: File descriptor (0) passed to $fscanf is not valid. Please compile the design with -debug for source location information.
ERROR: File descriptor (0) passed to $fscanf is not valid. Please compile the design with -debug for source location information.
ERROR: File descriptor (0) passed to $fscanf is not valid. Please compile the design with -debug for source location information.
ERROR: File descriptor (0) passed to $fscanf is not valid. Please compile the design with -debug for source location information.
ERROR: File descriptor (0) passed to $fscanf is not valid. Please compile the design with -debug for source location information.
ERROR: File descriptor (0) passed to $fscanf is not valid. Please compile the design with -debug for source location information.
ERROR: File descriptor (0) passed to $fscanf is not valid. Please compile the design with -debug for source location information.
ERROR: File descriptor (0) passed to $fscanf is not valid. Please compile the design with -debug for source location information.
ERROR: File descriptor (0) passed to $fscanf is not valid. Please compile the design with -debug for source location information.
ERROR: File descriptor (0) passed to $fscanf is not valid. Please compile the design with -debug for source location information.
ERROR: File descriptor (0) passed to $fscanf is not valid. Please compile the design with -debug for source location information.
ERROR: File descriptor (0) passed to $fscanf is not valid. Please compile the design with -debug for source location information.
ERROR: File descriptor (0) passed to $fscanf is not valid. Please compile the design with -debug for source location information.
ERROR: File descriptor (0) passed to $fscanf is not valid. Please compile the design with -debug for source location information.
ERROR: File descriptor (0) passed to $fscanf is not valid. Please compile the design with -debug for source location information.
ERROR: File descriptor (0) passed to $fscanf is not valid. Please compile the design with -debug for source location information.
ERROR: File descriptor (0) passed to $fscanf is not valid. Please compile the design with -debug for source location information.
ERROR: File descriptor (0) passed to $fscanf is not valid. Please compile the design with -debug for source location information.
ERROR: File descriptor (0) passed to $fscanf is not valid. Please compile the design with -debug for source location information.
ERROR: File descriptor (0) passed to $fscanf is not valid. Please compile the design with -debug for source location information.
ERROR: File descriptor (0) passed to $fscanf is not valid. Please compile the design with -debug for source location information.
ERROR: File descriptor (0) passed to $fscanf is not valid. Please compile the design with -debug for source location information.
ERROR: File descriptor (0) passed to $fscanf is not valid. Please compile the design with -debug for source location information.
ERROR: File descriptor (0) passed to $fscanf is not valid. Please compile the design with -debug for source location information.
ERROR: File descriptor (0) passed to $fscanf is not valid. Please compile the design with -debug for source location information.
ERROR: File descriptor (0) passed to $fscanf is not valid. Please compile the design with -debug for source location information.
ERROR: File descriptor (0) passed to $fscanf is not valid. Please compile the design with -debug for source location information.
ERROR: File descriptor (0) passed to $fscanf is not valid. Please compile the design with -debug for source location information.
ERROR: File descriptor (0) passed to $fscanf is not valid. Please compile the design with -debug for source location information.
ERROR: File descriptor (0) passed to $fscanf is not valid. Please compile the design with -debug for source location information.
ERROR: File descriptor (0) passed to $fscanf is not valid. Please compile the design with -debug for source location information.
ERROR: File descriptor (0) passed to $fscanf is not valid. Please compile the design with -debug for source location information.
ERROR: File descriptor (0) passed to $fscanf is not valid. Please compile the design with -debug for source location information.
ERROR: File descriptor (0) passed to $fscanf is not valid. Please compile the design with -debug for source location information.
ERROR: File descriptor (0) passed to $fscanf is not valid. Please compile the design with -debug for source location information.
ERROR: File descriptor (0) passed to $fscanf is not valid. Please compile the design with -debug for source location information.
ERROR: File descriptor (0) passed to $fscanf is not valid. Please compile the design with -debug for source location information.
ERROR: File descriptor (0) passed to $fscanf is not valid. Please compile the design with -debug for source location information.
ERROR: File descriptor (0) passed to $fscanf is not valid. Please compile the design with -debug for source location information.
ERROR: File descriptor (0) passed to $fscanf is not valid. Please compile the design with -debug for source location information.
ERROR: File descriptor (0) passed to $fscanf is not valid. Please compile the design with -debug for source location information.
ERROR: File descriptor (0) passed to $fscanf is not valid. Please compile the design with -debug for source location information.
ERROR: File descriptor (0) passed to $fscanf is not valid. Please compile the design with -debug for source location information.
ERROR: File descriptor (0) passed to $fscanf is not valid. Please compile the design with -debug for source location information.
ERROR: File descriptor (0) passed to $fscanf is not valid. Please compile the design with -debug for source location information.
ERROR: File descriptor (0) passed to $fscanf is not valid. Please compile the design with -debug for source location information.
ERROR: File descriptor (0) passed to $fscanf is not valid. Please compile the design with -debug for source location information.
ERROR: File descriptor (0) passed to $fscanf is not valid. Please compile the design with -debug for source location information.
ERROR: File descriptor (0) passed to $fscanf is not valid. Please compile the design with -debug for source location information.
ERROR: File descriptor (0) passed to $fscanf is not valid. Please compile the design with -debug for source location information.
ERROR: File descriptor (0) passed to $fscanf is not valid. Please compile the design with -debug for source location information.
ERROR: File descriptor (0) passed to $fscanf is not valid. Please compile the design with -debug for source location information.
ERROR: File descriptor (0) passed to $fscanf is not valid. Please compile the design with -debug for source location information.
ERROR: File descriptor (0) passed to $fscanf is not valid. Please compile the design with -debug for source location information.
ERROR: File descriptor (0) passed to $fscanf is not valid. Please compile the design with -debug for source location information.
ERROR: File descriptor (0) passed to $fscanf is not valid. Please compile the design with -debug for source location information.
ERROR: File descriptor (0) passed to $fscanf is not valid. Please compile the design with -debug for source location information.
ERROR: File descriptor (0) passed to $fscanf is not valid. Please compile the design with -debug for source location information.
ERROR: File descriptor (0) passed to $fscanf is not valid. Please compile the design with -debug for source location information.
ERROR: File descriptor (0) passed to $fscanf is not valid. Please compile the design with -debug for source location information.
ERROR: File descriptor (0) passed to $fscanf is not valid. Please compile the design with -debug for source location information.
ERROR: File descriptor (0) passed to $fscanf is not valid. Please compile the design with -debug for source location information.
ERROR: File descriptor (0) passed to $fscanf is not valid. Please compile the design with -debug for source location information.
ERROR: File descriptor (0) passed to $fscanf is not valid. Please compile the design with -debug for source location information.
ERROR: File descriptor (0) passed to $fscanf is not valid. Please compile the design with -debug for source location information.
ERROR: File descriptor (0) passed to $fscanf is not valid. Please compile the design with -debug for source location information.
ERROR: File descriptor (0) passed to $fscanf is not valid. Please compile the design with -debug for source location information.
ERROR: File descriptor (0) passed to $fscanf is not valid. Please compile the design with -debug for source location information.
ERROR: File descriptor (0) passed to $fscanf is not valid. Please compile the design with -debug for source location information.
ERROR: File descriptor (0) passed to $fscanf is not valid. Please compile the design with -debug for source location information.
ERROR: File descriptor (0) passed to $fscanf is not valid. Please compile the design with -debug for source location information.
ERROR: File descriptor (0) passed to $fscanf is not valid. Please compile the design with -debug for source location information.
ERROR: File descriptor (0) passed to $fscanf is not valid. Please compile the design with -debug for source location information.
ERROR: File descriptor (0) passed to $fscanf is not valid. Please compile the design with -debug for source location information.
ERROR: File descriptor (0) passed to $fscanf is not valid. Please compile the design with -debug for source location information.
ERROR: File descriptor (0) passed to $fscanf is not valid. Please compile the design with -debug for source location information.
