#-----------------------------------------------------------
# Vivado v2022.2 (64-bit)
# SW Build 3671981 on Fri Oct 14 05:00:03 MDT 2022
# IP Build 3669848 on Fri Oct 14 08:30:02 MDT 2022
# Start of session at: Wed Mar 22 11:27:57 2023
# Process ID: 10892
# Current directory: C:/Users/Marco Milanesi/OneDrive/Documenti/Laboratori Merced/Symmetric_FIR_filter/hdl_prj/vivado_prj
# Command line: vivado.exe -mode batch -notrace -source symmetric_fir_Xilinx_Vivado_run.tcl
# Log file: C:/Users/Marco Milanesi/OneDrive/Documenti/Laboratori Merced/Symmetric_FIR_filter/hdl_prj/vivado_prj/vivado.log
# Journal file: C:/Users/Marco Milanesi/OneDrive/Documenti/Laboratori Merced/Symmetric_FIR_filter/hdl_prj/vivado_prj\vivado.jou
# Running On: Milanesi-Dell, OS: Windows, CPU Frequency: 2208 MHz, CPU Physical cores: 6, Host memory: 16879 MB
#-----------------------------------------------------------
source symmetric_fir_Xilinx_Vivado_run.tcl -notrace
### Create new Xilinx Vivado 2022.2 project <a href="matlab:downstream.handle('Model','sfir_fixed').openTargetTool;">hdl_prj\vivado_prj\symmetric_fir_vivado.xpr</a>
INFO: [ProjectBase 1-489] The host OS only allows 260 characters in a normal path. The project is stored in a path with more than 80 characters. If you experience issues with IP, Block Designs, or files not being found, please consider moving the project to a location with a shorter path. Alternately consider using the OS subst command to map part of the path to a drive letter.
Current project path is 'C:/Users/Marco Milanesi/OneDrive/Documenti/Laboratori Merced/Symmetric_FIR_filter/hdl_prj/vivado_prj'
create_project: Time (s): cpu = 00:00:03 ; elapsed = 00:00:10 . Memory (MB): peak = 559.242 ; gain = 142.949
### Set Xilinx Vivado 2022.2 project properties
### Update Xilinx Vivado 2022.2 project with HDL source files
WARNING: [Vivado 12-818] No files matched '*.tcl'
### Close Xilinx Vivado 2022.2 project.
INFO: [Common 17-206] Exiting Vivado at Wed Mar 22 11:28:15 2023...
